Wed Jan 24 13:40:46 2018

Generating pie charts with params:

markers  =  
data_dir  =  
cancer  =  
sample  =  
pad  =  0
fov  =  
log  =  halo_20180124.log
verbose  =  TRUE
alt_bases  =  
run_counts  =  TRUE
run_frac_total  =  TRUE
run_medians  =  TRUE
pie_charts  =  FALSE
counts_rda_file  =  ../counts/example_counts.rda
counts_xlsx_file  =  
cell_type_markers  =  CD3,CD4,CD8,FOXP3,CD20,CD56,CD68,CD163,CD14,MRC1,TGM2,SOX10
exclude_sample_fov  =  Untreated:2,PR:2+6+7+8+9+10+15+25+31+32+33+34,CR:11+23+24+25+26
exclude_sample  =  
exclude_fov  =  
exclude_marker  =  
write_xlsx_file  =  TRUE
save_rds_file  =  TRUE
custom_colors  =  TRUE
pdf_pie_charts_by_sample  =  example_pies_by_sample.pdf
other_threshold  =  0.05
log     pie_charts.log  =  
verbose TRUE  =  
exclude_fov     NULL  =  
exclude_marker  NULL  =  
exclude_sample  NULL  =  

#######################################################################

