Mon Feb 12 18:25:04 2018
markers  =  
data_dir  =  /home/byrne/halo/data/melanoma/objectAnalysisData
cancer  =  
sample  =  
pad  =  30
fov  =  
log  =  cellTypeLocations.log
verbose  =  TRUE
alt_bases  =  
run_counts  =  TRUE
run_frac_total  =  TRUE
run_medians  =  TRUE
pie_charts  =  FALSE
counts_rda_file  =  
counts_xlsx_file  =  
cell_type_markers  =  
exclude_sample_fov  =  
exclude_sample  =  
exclude_fov  =  
exclude_marker  =  
write_xlsx_file  =  TRUE
save_rds_file  =  TRUE
custom_colors  =  FALSE
pdf_pie_charts_by_sample  =  FALSE
other_threshold  =  0
draw_legend  =  TRUE
cell_types_file  =  markerSeriesB.txt
annotations_dir  =  /home/byrne/halo/nicks_spatial/inputs/BoundryAnnotationFiles/PR_boundaryCoordinates
debug  =  TRUE

#######################################################################

[INFO]	Mon Feb 12 18:25:04 2018	Reading data file /home/byrne/halo/data/melanoma/objectAnalysisData/CR_ObjectAnalysisData_MegaTableV2.rda
[INFO]	Mon Feb 12 18:26:28 2018	Getting FOVs
[INFO]	Mon Feb 12 18:26:34 2018	Getting data for spot 1...
[INFO]	Mon Feb 12 18:26:36 2018	  plotting...
[INFO]	Mon Feb 12 18:26:36 2018	Getting data for spot 2...
[INFO]	Mon Feb 12 18:26:39 2018	  plotting...
[INFO]	Mon Feb 12 18:26:39 2018	Getting data for spot 3...
[INFO]	Mon Feb 12 18:26:40 2018	  plotting...
[INFO]	Mon Feb 12 18:26:40 2018	Getting data for spot 4...
[INFO]	Mon Feb 12 18:26:41 2018	  plotting...
[INFO]	Mon Feb 12 18:26:41 2018	Getting data for spot 5...
[INFO]	Mon Feb 12 18:26:44 2018	  plotting...
[INFO]	Mon Feb 12 18:26:44 2018	Getting data for spot 6...
[INFO]	Mon Feb 12 18:26:46 2018	  plotting...
[INFO]	Mon Feb 12 18:26:46 2018	Getting data for spot 7...
[INFO]	Mon Feb 12 18:26:47 2018	  plotting...
[INFO]	Mon Feb 12 18:26:47 2018	Getting data for spot 8...
[INFO]	Mon Feb 12 18:26:53 2018	  plotting...
[INFO]	Mon Feb 12 18:26:53 2018	Getting data for spot 9...
[INFO]	Mon Feb 12 18:26:55 2018	  plotting...
[INFO]	Mon Feb 12 18:26:55 2018	Getting data for spot 10...
[INFO]	Mon Feb 12 18:26:56 2018	  plotting...
[INFO]	Mon Feb 12 18:26:57 2018	Getting data for spot 12...
[INFO]	Mon Feb 12 18:26:58 2018	  plotting...
[INFO]	Mon Feb 12 18:26:58 2018	Getting data for spot 13...
[INFO]	Mon Feb 12 18:26:58 2018	  plotting...
[INFO]	Mon Feb 12 18:26:59 2018	Getting data for spot 14...
[INFO]	Mon Feb 12 18:27:01 2018	  plotting...
[INFO]	Mon Feb 12 18:27:01 2018	Getting data for spot 15...
[INFO]	Mon Feb 12 18:27:02 2018	  plotting...
[INFO]	Mon Feb 12 18:27:02 2018	Getting data for spot 16...
[INFO]	Mon Feb 12 18:27:03 2018	  plotting...
[INFO]	Mon Feb 12 18:27:03 2018	Getting data for spot 17...
[INFO]	Mon Feb 12 18:27:05 2018	  plotting...
[INFO]	Mon Feb 12 18:27:05 2018	Getting data for spot 18...
[INFO]	Mon Feb 12 18:27:06 2018	  plotting...
[INFO]	Mon Feb 12 18:27:06 2018	Getting data for spot 19...
[INFO]	Mon Feb 12 18:27:08 2018	  plotting...
[INFO]	Mon Feb 12 18:27:08 2018	Getting data for spot 20...
[INFO]	Mon Feb 12 18:27:09 2018	  plotting...
[INFO]	Mon Feb 12 18:27:10 2018	Getting data for spot 21...
[INFO]	Mon Feb 12 18:27:11 2018	  plotting...
[INFO]	Mon Feb 12 18:27:11 2018	Getting data for spot 22...
[INFO]	Mon Feb 12 18:27:12 2018	  plotting...
[INFO]	Mon Feb 12 18:27:12 2018	Getting data for spot 23...
[INFO]	Mon Feb 12 18:27:14 2018	  plotting...
[INFO]	Mon Feb 12 18:27:14 2018	Getting data for spot 24...
[INFO]	Mon Feb 12 18:27:15 2018	  plotting...
[INFO]	Mon Feb 12 18:27:15 2018	Reading data file /home/byrne/halo/data/melanoma/objectAnalysisData/PR_ObjectAnalysisData_MegaTableV2.rda
[INFO]	Mon Feb 12 18:29:15 2018	Getting FOVs
[INFO]	Mon Feb 12 18:29:16 2018	Getting data for spot 1...
[INFO]	Mon Feb 12 18:29:17 2018	  plotting...
[INFO]	Mon Feb 12 18:29:17 2018	Getting data for spot 2...
[INFO]	Mon Feb 12 18:29:19 2018	  plotting...
[INFO]	Mon Feb 12 18:29:19 2018	Getting data for spot 3...
[INFO]	Mon Feb 12 18:29:24 2018	  plotting...
[INFO]	Mon Feb 12 18:29:24 2018	  Found boundary annotation file /home/byrne/halo/nicks_spatial/inputs/BoundryAnnotationFiles/PR_boundaryCoordinates/PR_Spot3.annotations. Adding boundaries..
[INFO]	Mon Feb 12 18:29:41 2018	Getting data for spot 4...
[INFO]	Mon Feb 12 18:29:42 2018	  plotting...
[INFO]	Mon Feb 12 18:29:43 2018	  Found boundary annotation file /home/byrne/halo/nicks_spatial/inputs/BoundryAnnotationFiles/PR_boundaryCoordinates/PR_Spot4.annotations. Adding boundaries..
[INFO]	Mon Feb 12 18:30:12 2018	Getting data for spot 5...
[INFO]	Mon Feb 12 18:30:13 2018	  plotting...
[INFO]	Mon Feb 12 18:30:13 2018	  Found boundary annotation file /home/byrne/halo/nicks_spatial/inputs/BoundryAnnotationFiles/PR_boundaryCoordinates/PR_Spot5.annotations. Adding boundaries..
[INFO]	Mon Feb 12 18:30:29 2018	Getting data for spot 11...
[INFO]	Mon Feb 12 18:30:31 2018	  plotting...
[INFO]	Mon Feb 12 18:30:31 2018	  Found boundary annotation file /home/byrne/halo/nicks_spatial/inputs/BoundryAnnotationFiles/PR_boundaryCoordinates/PR_Spot11.annotations. Adding boundaries..
[INFO]	Mon Feb 12 18:30:48 2018	Getting data for spot 12...
[INFO]	Mon Feb 12 18:30:50 2018	  plotting...
[INFO]	Mon Feb 12 18:30:50 2018	  Found boundary annotation file /home/byrne/halo/nicks_spatial/inputs/BoundryAnnotationFiles/PR_boundaryCoordinates/PR_Spot12.annotations. Adding boundaries..
[INFO]	Mon Feb 12 18:31:37 2018	Getting data for spot 13...
[INFO]	Mon Feb 12 18:31:39 2018	  plotting...
[INFO]	Mon Feb 12 18:31:39 2018	  Found boundary annotation file /home/byrne/halo/nicks_spatial/inputs/BoundryAnnotationFiles/PR_boundaryCoordinates/PR_Spot13.annotations. Adding boundaries..
[INFO]	Mon Feb 12 18:32:27 2018	Getting data for spot 14...
[INFO]	Mon Feb 12 18:32:29 2018	  plotting...
[INFO]	Mon Feb 12 18:32:30 2018	  Found boundary annotation file /home/byrne/halo/nicks_spatial/inputs/BoundryAnnotationFiles/PR_boundaryCoordinates/PR_Spot14.annotations. Adding boundaries..
[INFO]	Mon Feb 12 18:32:46 2018	Getting data for spot 15...
[INFO]	Mon Feb 12 18:32:48 2018	  plotting...
[INFO]	Mon Feb 12 18:32:48 2018	Getting data for spot 16...
[INFO]	Mon Feb 12 18:32:50 2018	  plotting...
[INFO]	Mon Feb 12 18:32:50 2018	Getting data for spot 17...
[INFO]	Mon Feb 12 18:32:52 2018	  plotting...
[INFO]	Mon Feb 12 18:32:53 2018	Getting data for spot 18...
[INFO]	Mon Feb 12 18:32:57 2018	  plotting...
[INFO]	Mon Feb 12 18:32:57 2018	Getting data for spot 19...
[INFO]	Mon Feb 12 18:32:59 2018	  plotting...
[INFO]	Mon Feb 12 18:32:59 2018	  Found boundary annotation file /home/byrne/halo/nicks_spatial/inputs/BoundryAnnotationFiles/PR_boundaryCoordinates/PR_Spot19.annotations. Adding boundaries..
[INFO]	Mon Feb 12 18:33:06 2018	Getting data for spot 20...
[INFO]	Mon Feb 12 18:33:07 2018	  plotting...
[INFO]	Mon Feb 12 18:33:07 2018	  Found boundary annotation file /home/byrne/halo/nicks_spatial/inputs/BoundryAnnotationFiles/PR_boundaryCoordinates/PR_Spot20.annotations. Adding boundaries..
[INFO]	Mon Feb 12 18:33:13 2018	Getting data for spot 21...
[INFO]	Mon Feb 12 18:33:14 2018	  plotting...
[INFO]	Mon Feb 12 18:33:14 2018	  Found boundary annotation file /home/byrne/halo/nicks_spatial/inputs/BoundryAnnotationFiles/PR_boundaryCoordinates/PR_Spot21.annotations. Adding boundaries..
[INFO]	Mon Feb 12 18:33:28 2018	Getting data for spot 22...
[INFO]	Mon Feb 12 18:33:29 2018	  plotting...
[INFO]	Mon Feb 12 18:33:29 2018	  Found boundary annotation file /home/byrne/halo/nicks_spatial/inputs/BoundryAnnotationFiles/PR_boundaryCoordinates/PR_Spot22.annotations. Adding boundaries..
[INFO]	Mon Feb 12 18:33:38 2018	Getting data for spot 23...
[INFO]	Mon Feb 12 18:33:39 2018	  plotting...
[INFO]	Mon Feb 12 18:33:40 2018	  Found boundary annotation file /home/byrne/halo/nicks_spatial/inputs/BoundryAnnotationFiles/PR_boundaryCoordinates/PR_Spot23.annotations. Adding boundaries..
[INFO]	Mon Feb 12 18:33:53 2018	Getting data for spot 24...
[INFO]	Mon Feb 12 18:33:55 2018	  plotting...
[INFO]	Mon Feb 12 18:33:55 2018	  Found boundary annotation file /home/byrne/halo/nicks_spatial/inputs/BoundryAnnotationFiles/PR_boundaryCoordinates/PR_Spot24.annotations. Adding boundaries..
[INFO]	Mon Feb 12 18:34:10 2018	Getting data for spot 26...
[INFO]	Mon Feb 12 18:34:12 2018	  plotting...
[INFO]	Mon Feb 12 18:34:14 2018	Getting data for spot 27...
[INFO]	Mon Feb 12 18:34:16 2018	  plotting...
[INFO]	Mon Feb 12 18:34:16 2018	Getting data for spot 28...
[INFO]	Mon Feb 12 18:34:18 2018	  plotting...
[INFO]	Mon Feb 12 18:34:18 2018	Getting data for spot 29...
[INFO]	Mon Feb 12 18:34:21 2018	  plotting...
[INFO]	Mon Feb 12 18:34:21 2018	Getting data for spot 30...
[INFO]	Mon Feb 12 18:34:25 2018	  plotting...
[INFO]	Mon Feb 12 18:34:26 2018	Getting data for spot 31...
[INFO]	Mon Feb 12 18:34:27 2018	  plotting...
[INFO]	Mon Feb 12 18:34:27 2018	Getting data for spot 32...
[INFO]	Mon Feb 12 18:34:28 2018	  plotting...
[INFO]	Mon Feb 12 18:34:28 2018	Getting data for spot 33...
[INFO]	Mon Feb 12 18:34:29 2018	  plotting...
[INFO]	Mon Feb 12 18:34:29 2018	Getting data for spot 34...
[INFO]	Mon Feb 12 18:34:32 2018	  plotting...
[INFO]	Mon Feb 12 18:34:32 2018	Reading data file /home/byrne/halo/data/melanoma/objectAnalysisData/Untreated_ObjectAnalysisData_MegaTableV2.rda
[INFO]	Mon Feb 12 18:36:01 2018	Getting FOVs
[INFO]	Mon Feb 12 18:36:01 2018	Getting data for spot 1...
[INFO]	Mon Feb 12 18:36:02 2018	  plotting...
[INFO]	Mon Feb 12 18:36:02 2018	Getting data for spot 3...
[INFO]	Mon Feb 12 18:36:03 2018	  plotting...
[INFO]	Mon Feb 12 18:36:03 2018	Getting data for spot 4...
[INFO]	Mon Feb 12 18:36:05 2018	  plotting...
[INFO]	Mon Feb 12 18:36:05 2018	Getting data for spot 5...
[INFO]	Mon Feb 12 18:36:06 2018	  plotting...
[INFO]	Mon Feb 12 18:36:07 2018	Getting data for spot 6...
[INFO]	Mon Feb 12 18:36:14 2018	  plotting...
[INFO]	Mon Feb 12 18:36:14 2018	Getting data for spot 7...
[INFO]	Mon Feb 12 18:36:15 2018	  plotting...
[INFO]	Mon Feb 12 18:36:15 2018	Getting data for spot 8...
[INFO]	Mon Feb 12 18:36:16 2018	  plotting...
[INFO]	Mon Feb 12 18:36:17 2018	Getting data for spot 9...
[INFO]	Mon Feb 12 18:36:18 2018	  plotting...
[INFO]	Mon Feb 12 18:36:18 2018	Getting data for spot 10...
[INFO]	Mon Feb 12 18:36:27 2018	  plotting...
[INFO]	Mon Feb 12 18:36:27 2018	Getting data for spot 11...
[INFO]	Mon Feb 12 18:36:28 2018	  plotting...
[INFO]	Mon Feb 12 18:36:28 2018	Getting data for spot 12...
[INFO]	Mon Feb 12 18:36:30 2018	  plotting...
[INFO]	Mon Feb 12 18:36:30 2018	Getting data for spot 13...
[INFO]	Mon Feb 12 18:36:31 2018	  plotting...
[INFO]	Mon Feb 12 18:36:31 2018	Getting data for spot 14...
[INFO]	Mon Feb 12 18:36:40 2018	  plotting...
[INFO]	Mon Feb 12 18:36:40 2018	Getting data for spot 15...
[INFO]	Mon Feb 12 18:36:42 2018	  plotting...
[INFO]	Mon Feb 12 18:36:42 2018	Getting data for spot 16...
[INFO]	Mon Feb 12 18:36:44 2018	  plotting...
[INFO]	Mon Feb 12 18:36:44 2018	Getting data for spot 17...
[INFO]	Mon Feb 12 18:36:46 2018	  plotting...
[INFO]	Mon Feb 12 18:36:47 2018	Getting data for spot 18...
[INFO]	Mon Feb 12 18:36:48 2018	  plotting...
[INFO]	Mon Feb 12 18:36:49 2018	Getting data for spot 19...
[INFO]	Mon Feb 12 18:36:52 2018	  plotting...
[INFO]	Mon Feb 12 18:36:53 2018	Getting data for spot 20...
[INFO]	Mon Feb 12 18:36:54 2018	  plotting...
[INFO]	Mon Feb 12 18:36:55 2018	Getting data for spot 21...
[INFO]	Mon Feb 12 18:36:56 2018	  plotting...
[INFO]	Mon Feb 12 18:36:57 2018	Getting data for spot 22...
[INFO]	Mon Feb 12 18:36:58 2018	  plotting...
[INFO]	Mon Feb 12 18:36:58 2018	Getting data for spot 23...
[INFO]	Mon Feb 12 18:37:02 2018	  plotting...
[INFO]	Mon Feb 12 18:37:02 2018	Getting data for spot 24...
[INFO]	Mon Feb 12 18:37:04 2018	  plotting...
[INFO]	Mon Feb 12 18:37:05 2018	Getting data for spot 25...
[INFO]	Mon Feb 12 18:37:07 2018	  plotting...
