Tue Feb 13 12:18:45 2018
markers  =  
data_dir  =  
data_file  =  /home/byrne/halo/data/melanoma/objectAnalysisData/CR_ObjectAnalysisData_MegaTableV2.rda
cancer  =  
sample  =  
pad  =  30
fov  =  
log  =  CR_markerSeriesB_spatial_plots.log
verbose  =  TRUE
alt_bases  =  
run_counts  =  TRUE
run_frac_total  =  TRUE
run_medians  =  TRUE
pie_charts  =  FALSE
counts_rda_file  =  
counts_xlsx_file  =  
cell_type_markers  =  
exclude_sample_fov  =  
exclude_sample  =  
exclude_fov  =  
exclude_marker  =  
write_xlsx_file  =  TRUE
save_rds_file  =  TRUE
custom_colors  =  FALSE
pdf_pie_charts_by_sample  =  FALSE
other_threshold  =  0
draw_legend  =  TRUE
cell_types_file  =  markerSeriesB.txt
annotations_dir  =  /home/byrne/halo/nicks_spatial/inputs/BoundryAnnotationFiles/CR_exclusionCoordinates
debug  =  TRUE

#######################################################################

[INFO]	Tue Feb 13 12:18:45 2018	Reading data file /home/byrne/halo/data/melanoma/objectAnalysisData/CR_ObjectAnalysisData_MegaTableV2.rda
[INFO]	Tue Feb 13 12:20:06 2018	Getting FOVs
[INFO]	Tue Feb 13 12:20:12 2018	Getting data for spot 1...
[INFO]	Tue Feb 13 12:20:13 2018	  plotting...
[INFO]	Tue Feb 13 12:20:14 2018	Getting data for spot 2...
[INFO]	Tue Feb 13 12:20:16 2018	  plotting...
[INFO]	Tue Feb 13 12:20:17 2018	Getting data for spot 3...
[INFO]	Tue Feb 13 12:20:18 2018	  plotting...
[INFO]	Tue Feb 13 12:20:18 2018	Getting data for spot 4...
[INFO]	Tue Feb 13 12:20:20 2018	  plotting...
[INFO]	Tue Feb 13 12:20:20 2018	Getting data for spot 5...
[INFO]	Tue Feb 13 12:20:23 2018	  plotting...
[INFO]	Tue Feb 13 12:20:23 2018	Getting data for spot 6...
[INFO]	Tue Feb 13 12:20:25 2018	  plotting...
[INFO]	Tue Feb 13 12:20:25 2018	Getting data for spot 7...
[INFO]	Tue Feb 13 12:20:26 2018	  plotting...
[INFO]	Tue Feb 13 12:20:26 2018	Getting data for spot 8...
[INFO]	Tue Feb 13 12:20:32 2018	  plotting...
[INFO]	Tue Feb 13 12:20:32 2018	Getting data for spot 9...
[INFO]	Tue Feb 13 12:20:34 2018	  plotting...
[INFO]	Tue Feb 13 12:20:34 2018	Getting data for spot 10...
[INFO]	Tue Feb 13 12:20:35 2018	  plotting...
[INFO]	Tue Feb 13 12:20:35 2018	Getting data for spot 12...
[INFO]	Tue Feb 13 12:20:37 2018	  plotting...
[INFO]	Tue Feb 13 12:20:37 2018	  Found boundary annotation file /home/byrne/halo/nicks_spatial/inputs/BoundryAnnotationFiles/CR_exclusionCoordinates/CR_Spot12.annotations. Adding boundaries..
[INFO]	Tue Feb 13 12:20:38 2018	Getting data for spot 13...
[INFO]	Tue Feb 13 12:20:38 2018	  plotting...
[INFO]	Tue Feb 13 12:20:38 2018	  Found boundary annotation file /home/byrne/halo/nicks_spatial/inputs/BoundryAnnotationFiles/CR_exclusionCoordinates/CR_Spot13.annotations. Adding boundaries..
[INFO]	Tue Feb 13 12:20:41 2018	Getting data for spot 14...
[INFO]	Tue Feb 13 12:20:42 2018	  plotting...
[INFO]	Tue Feb 13 12:20:43 2018	Getting data for spot 15...
[INFO]	Tue Feb 13 12:20:43 2018	  plotting...
[INFO]	Tue Feb 13 12:20:44 2018	  Found boundary annotation file /home/byrne/halo/nicks_spatial/inputs/BoundryAnnotationFiles/CR_exclusionCoordinates/CR_Spot15.annotations. Adding boundaries..
[INFO]	Tue Feb 13 12:20:44 2018	Getting data for spot 16...
[INFO]	Tue Feb 13 12:20:45 2018	  plotting...
[INFO]	Tue Feb 13 12:20:45 2018	Getting data for spot 17...
[INFO]	Tue Feb 13 12:20:46 2018	  plotting...
[INFO]	Tue Feb 13 12:20:46 2018	Getting data for spot 18...
[INFO]	Tue Feb 13 12:20:47 2018	  plotting...
[INFO]	Tue Feb 13 12:20:47 2018	  Found boundary annotation file /home/byrne/halo/nicks_spatial/inputs/BoundryAnnotationFiles/CR_exclusionCoordinates/CR_Spot18.annotations. Adding boundaries..
[INFO]	Tue Feb 13 12:20:49 2018	Getting data for spot 19...
[INFO]	Tue Feb 13 12:20:51 2018	  plotting...
[INFO]	Tue Feb 13 12:20:51 2018	Getting data for spot 20...
[INFO]	Tue Feb 13 12:20:53 2018	  plotting...
[INFO]	Tue Feb 13 12:20:53 2018	Getting data for spot 21...
[INFO]	Tue Feb 13 12:20:54 2018	  plotting...
[INFO]	Tue Feb 13 12:20:54 2018	  Found boundary annotation file /home/byrne/halo/nicks_spatial/inputs/BoundryAnnotationFiles/CR_exclusionCoordinates/CR_Spot21.annotations. Adding boundaries..
[INFO]	Tue Feb 13 12:20:54 2018	Getting data for spot 22...
[INFO]	Tue Feb 13 12:20:55 2018	  plotting...
[INFO]	Tue Feb 13 12:20:55 2018	Getting data for spot 23...
[INFO]	Tue Feb 13 12:20:56 2018	  plotting...
[INFO]	Tue Feb 13 12:20:56 2018	  Found boundary annotation file /home/byrne/halo/nicks_spatial/inputs/BoundryAnnotationFiles/CR_exclusionCoordinates/CR_Spot23.annotations. Adding boundaries..
[INFO]	Tue Feb 13 12:20:57 2018	Getting data for spot 24...
[INFO]	Tue Feb 13 12:20:59 2018	  plotting...
[INFO]	Tue Feb 13 12:20:59 2018	  Found boundary annotation file /home/byrne/halo/nicks_spatial/inputs/BoundryAnnotationFiles/CR_exclusionCoordinates/CR_Spot24.annotations. Adding boundaries..
