Tue Feb 13 11:59:32 2018
markers  =  
data_dir  =  
data_file  =  /home/byrne/halo/data/melanoma/objectAnalysisData/PR_ObjectAnalysisData_MegaTableV2.rda
cancer  =  
sample  =  
pad  =  30
fov  =  
log  =  PR_markerSeriesB_spatial_plots.log
verbose  =  TRUE
alt_bases  =  
run_counts  =  TRUE
run_frac_total  =  TRUE
run_medians  =  TRUE
pie_charts  =  FALSE
counts_rda_file  =  
counts_xlsx_file  =  
cell_type_markers  =  
exclude_sample_fov  =  
exclude_sample  =  
exclude_fov  =  
exclude_marker  =  
write_xlsx_file  =  TRUE
save_rds_file  =  TRUE
custom_colors  =  FALSE
pdf_pie_charts_by_sample  =  FALSE
other_threshold  =  0
draw_legend  =  TRUE
cell_types_file  =  markerSeriesB.txt
annotations_dir  =  /home/byrne/halo/nicks_spatial/inputs/BoundryAnnotationFiles/PR_boundaryCoordinates
debug  =  TRUE

#######################################################################

[INFO]	Tue Feb 13 11:59:32 2018	Reading data file /home/byrne/halo/data/melanoma/objectAnalysisData/PR_ObjectAnalysisData_MegaTableV2.rda
[INFO]	Tue Feb 13 12:02:06 2018	Getting FOVs
[INFO]	Tue Feb 13 12:02:07 2018	Getting data for spot 1...
[INFO]	Tue Feb 13 12:02:08 2018	  plotting...
[INFO]	Tue Feb 13 12:02:08 2018	Getting data for spot 2...
[INFO]	Tue Feb 13 12:02:13 2018	  plotting...
[INFO]	Tue Feb 13 12:02:13 2018	Getting data for spot 3...
[INFO]	Tue Feb 13 12:02:15 2018	  plotting...
[INFO]	Tue Feb 13 12:02:15 2018	  Found boundary annotation file /home/byrne/halo/nicks_spatial/inputs/BoundryAnnotationFiles/PR_boundaryCoordinates/PR_Spot3.annotations. Adding boundaries..
[INFO]	Tue Feb 13 12:02:28 2018	Getting data for spot 4...
[INFO]	Tue Feb 13 12:02:30 2018	  plotting...
[INFO]	Tue Feb 13 12:02:30 2018	  Found boundary annotation file /home/byrne/halo/nicks_spatial/inputs/BoundryAnnotationFiles/PR_boundaryCoordinates/PR_Spot4.annotations. Adding boundaries..
[INFO]	Tue Feb 13 12:02:44 2018	Getting data for spot 5...
[INFO]	Tue Feb 13 12:02:45 2018	  plotting...
[INFO]	Tue Feb 13 12:02:45 2018	  Found boundary annotation file /home/byrne/halo/nicks_spatial/inputs/BoundryAnnotationFiles/PR_boundaryCoordinates/PR_Spot5.annotations. Adding boundaries..
[INFO]	Tue Feb 13 12:02:55 2018	Getting data for spot 11...
[INFO]	Tue Feb 13 12:02:57 2018	  plotting...
[INFO]	Tue Feb 13 12:02:57 2018	  Found boundary annotation file /home/byrne/halo/nicks_spatial/inputs/BoundryAnnotationFiles/PR_boundaryCoordinates/PR_Spot11.annotations. Adding boundaries..
[INFO]	Tue Feb 13 12:03:12 2018	Getting data for spot 12...
[INFO]	Tue Feb 13 12:03:14 2018	  plotting...
[INFO]	Tue Feb 13 12:03:14 2018	  Found boundary annotation file /home/byrne/halo/nicks_spatial/inputs/BoundryAnnotationFiles/PR_boundaryCoordinates/PR_Spot12.annotations. Adding boundaries..
[INFO]	Tue Feb 13 12:03:57 2018	Getting data for spot 13...
[INFO]	Tue Feb 13 12:03:59 2018	  plotting...
[INFO]	Tue Feb 13 12:03:59 2018	  Found boundary annotation file /home/byrne/halo/nicks_spatial/inputs/BoundryAnnotationFiles/PR_boundaryCoordinates/PR_Spot13.annotations. Adding boundaries..
[INFO]	Tue Feb 13 12:04:29 2018	Getting data for spot 14...
[INFO]	Tue Feb 13 12:04:31 2018	  plotting...
[INFO]	Tue Feb 13 12:04:31 2018	  Found boundary annotation file /home/byrne/halo/nicks_spatial/inputs/BoundryAnnotationFiles/PR_boundaryCoordinates/PR_Spot14.annotations. Adding boundaries..
[INFO]	Tue Feb 13 12:04:42 2018	Getting data for spot 15...
[INFO]	Tue Feb 13 12:04:44 2018	  plotting...
[INFO]	Tue Feb 13 12:04:44 2018	Getting data for spot 16...
[INFO]	Tue Feb 13 12:04:46 2018	  plotting...
[INFO]	Tue Feb 13 12:04:46 2018	Getting data for spot 17...
[INFO]	Tue Feb 13 12:04:51 2018	  plotting...
[INFO]	Tue Feb 13 12:04:51 2018	Getting data for spot 18...
[INFO]	Tue Feb 13 12:04:53 2018	  plotting...
[INFO]	Tue Feb 13 12:04:53 2018	Getting data for spot 19...
[INFO]	Tue Feb 13 12:04:55 2018	  plotting...
[INFO]	Tue Feb 13 12:04:55 2018	  Found boundary annotation file /home/byrne/halo/nicks_spatial/inputs/BoundryAnnotationFiles/PR_boundaryCoordinates/PR_Spot19.annotations. Adding boundaries..
[INFO]	Tue Feb 13 12:05:02 2018	Getting data for spot 20...
[INFO]	Tue Feb 13 12:05:06 2018	  plotting...
[INFO]	Tue Feb 13 12:05:06 2018	  Found boundary annotation file /home/byrne/halo/nicks_spatial/inputs/BoundryAnnotationFiles/PR_boundaryCoordinates/PR_Spot20.annotations. Adding boundaries..
[INFO]	Tue Feb 13 12:05:10 2018	Getting data for spot 21...
[INFO]	Tue Feb 13 12:05:11 2018	  plotting...
[INFO]	Tue Feb 13 12:05:12 2018	  Found boundary annotation file /home/byrne/halo/nicks_spatial/inputs/BoundryAnnotationFiles/PR_boundaryCoordinates/PR_Spot21.annotations. Adding boundaries..
[INFO]	Tue Feb 13 12:05:25 2018	Getting data for spot 22...
[INFO]	Tue Feb 13 12:05:26 2018	  plotting...
[INFO]	Tue Feb 13 12:05:26 2018	  Found boundary annotation file /home/byrne/halo/nicks_spatial/inputs/BoundryAnnotationFiles/PR_boundaryCoordinates/PR_Spot22.annotations. Adding boundaries..
[INFO]	Tue Feb 13 12:05:35 2018	Getting data for spot 23...
[INFO]	Tue Feb 13 12:05:36 2018	  plotting...
[INFO]	Tue Feb 13 12:05:36 2018	  Found boundary annotation file /home/byrne/halo/nicks_spatial/inputs/BoundryAnnotationFiles/PR_boundaryCoordinates/PR_Spot23.annotations. Adding boundaries..
[INFO]	Tue Feb 13 12:05:49 2018	Getting data for spot 24...
[INFO]	Tue Feb 13 12:05:51 2018	  plotting...
[INFO]	Tue Feb 13 12:05:51 2018	  Found boundary annotation file /home/byrne/halo/nicks_spatial/inputs/BoundryAnnotationFiles/PR_boundaryCoordinates/PR_Spot24.annotations. Adding boundaries..
[INFO]	Tue Feb 13 12:06:07 2018	Getting data for spot 26...
[INFO]	Tue Feb 13 12:06:08 2018	  plotting...
[INFO]	Tue Feb 13 12:06:08 2018	Getting data for spot 27...
[INFO]	Tue Feb 13 12:06:10 2018	  plotting...
[INFO]	Tue Feb 13 12:06:10 2018	Getting data for spot 28...
[INFO]	Tue Feb 13 12:06:12 2018	  plotting...
[INFO]	Tue Feb 13 12:06:12 2018	Getting data for spot 29...
[INFO]	Tue Feb 13 12:06:17 2018	  plotting...
[INFO]	Tue Feb 13 12:06:17 2018	Getting data for spot 30...
[INFO]	Tue Feb 13 12:06:19 2018	  plotting...
[INFO]	Tue Feb 13 12:06:20 2018	Getting data for spot 31...
[INFO]	Tue Feb 13 12:06:23 2018	  plotting...
[INFO]	Tue Feb 13 12:06:23 2018	Getting data for spot 32...
[INFO]	Tue Feb 13 12:06:24 2018	  plotting...
[INFO]	Tue Feb 13 12:06:24 2018	Getting data for spot 33...
[INFO]	Tue Feb 13 12:06:25 2018	  plotting...
[INFO]	Tue Feb 13 12:06:25 2018	Getting data for spot 34...
[INFO]	Tue Feb 13 12:06:26 2018	  plotting...
