Tue Feb 13 12:06:36 2018
markers  =  
data_dir  =  
data_file  =  /home/byrne/halo/data/melanoma/objectAnalysisData/Untreated_ObjectAnalysisData_MegaTableV2.rda
cancer  =  
sample  =  
pad  =  30
fov  =  
log  =  Untreated_markerSeriesB_spatial_plots.log
verbose  =  TRUE
alt_bases  =  
run_counts  =  TRUE
run_frac_total  =  TRUE
run_medians  =  TRUE
pie_charts  =  FALSE
counts_rda_file  =  
counts_xlsx_file  =  
cell_type_markers  =  
exclude_sample_fov  =  
exclude_sample  =  
exclude_fov  =  
exclude_marker  =  
write_xlsx_file  =  TRUE
save_rds_file  =  TRUE
custom_colors  =  FALSE
pdf_pie_charts_by_sample  =  FALSE
other_threshold  =  0
draw_legend  =  TRUE
cell_types_file  =  markerSeriesB.txt
annotations_dir  =  /home/byrne/halo/nicks_spatial/inputs/BoundryAnnotationFiles/Untreated_boundaryCoordinates
debug  =  TRUE

#######################################################################

[INFO]	Tue Feb 13 12:06:36 2018	Reading data file /home/byrne/halo/data/melanoma/objectAnalysisData/Untreated_ObjectAnalysisData_MegaTableV2.rda
[INFO]	Tue Feb 13 12:09:05 2018	Getting FOVs
[INFO]	Tue Feb 13 12:09:05 2018	Getting data for spot 1...
[INFO]	Tue Feb 13 12:09:17 2018	  plotting...
[INFO]	Tue Feb 13 12:09:17 2018	  Found boundary annotation file /home/byrne/halo/nicks_spatial/inputs/BoundryAnnotationFiles/Untreated_boundaryCoordinates/Untreated_Spot1.annotations. Adding boundaries..
[INFO]	Tue Feb 13 12:10:07 2018	Getting data for spot 3...
[INFO]	Tue Feb 13 12:10:08 2018	  plotting...
[INFO]	Tue Feb 13 12:10:09 2018	  Found boundary annotation file /home/byrne/halo/nicks_spatial/inputs/BoundryAnnotationFiles/Untreated_boundaryCoordinates/Untreated_Spot3.annotations. Adding boundaries..
[INFO]	Tue Feb 13 12:10:25 2018	Getting data for spot 4...
[INFO]	Tue Feb 13 12:10:27 2018	  plotting...
[INFO]	Tue Feb 13 12:10:27 2018	  Found boundary annotation file /home/byrne/halo/nicks_spatial/inputs/BoundryAnnotationFiles/Untreated_boundaryCoordinates/Untreated_Spot4.annotations. Adding boundaries..
[INFO]	Tue Feb 13 12:10:45 2018	Getting data for spot 5...
[INFO]	Tue Feb 13 12:10:46 2018	  plotting...
[INFO]	Tue Feb 13 12:10:46 2018	  Found boundary annotation file /home/byrne/halo/nicks_spatial/inputs/BoundryAnnotationFiles/Untreated_boundaryCoordinates/Untreated_Spot5.annotations. Adding boundaries..
[INFO]	Tue Feb 13 12:11:00 2018	Getting data for spot 6...
[INFO]	Tue Feb 13 12:11:01 2018	  plotting...
[INFO]	Tue Feb 13 12:11:01 2018	  Found boundary annotation file /home/byrne/halo/nicks_spatial/inputs/BoundryAnnotationFiles/Untreated_boundaryCoordinates/Untreated_Spot6.annotations. Adding boundaries..
[INFO]	Tue Feb 13 12:11:13 2018	Getting data for spot 7...
[INFO]	Tue Feb 13 12:11:14 2018	  plotting...
[INFO]	Tue Feb 13 12:11:14 2018	  Found boundary annotation file /home/byrne/halo/nicks_spatial/inputs/BoundryAnnotationFiles/Untreated_boundaryCoordinates/Untreated_Spot7.annotations. Adding boundaries..
[INFO]	Tue Feb 13 12:11:27 2018	Getting data for spot 8...
[INFO]	Tue Feb 13 12:11:28 2018	  plotting...
[INFO]	Tue Feb 13 12:11:28 2018	  Found boundary annotation file /home/byrne/halo/nicks_spatial/inputs/BoundryAnnotationFiles/Untreated_boundaryCoordinates/Untreated_Spot8.annotations. Adding boundaries..
[INFO]	Tue Feb 13 12:11:50 2018	Getting data for spot 9...
[INFO]	Tue Feb 13 12:11:51 2018	  plotting...
[INFO]	Tue Feb 13 12:11:51 2018	  Found boundary annotation file /home/byrne/halo/nicks_spatial/inputs/BoundryAnnotationFiles/Untreated_boundaryCoordinates/Untreated_Spot9.annotations. Adding boundaries..
[INFO]	Tue Feb 13 12:12:04 2018	Getting data for spot 10...
[INFO]	Tue Feb 13 12:12:05 2018	  plotting...
[INFO]	Tue Feb 13 12:12:05 2018	  Found boundary annotation file /home/byrne/halo/nicks_spatial/inputs/BoundryAnnotationFiles/Untreated_boundaryCoordinates/Untreated_Spot10.annotations. Adding boundaries..
[INFO]	Tue Feb 13 12:12:17 2018	Getting data for spot 11...
[INFO]	Tue Feb 13 12:12:20 2018	  plotting...
[INFO]	Tue Feb 13 12:12:20 2018	  Found boundary annotation file /home/byrne/halo/nicks_spatial/inputs/BoundryAnnotationFiles/Untreated_boundaryCoordinates/Untreated_Spot11.annotations. Adding boundaries..
[INFO]	Tue Feb 13 12:12:43 2018	Getting data for spot 12...
[INFO]	Tue Feb 13 12:12:44 2018	  plotting...
[INFO]	Tue Feb 13 12:12:44 2018	  Found boundary annotation file /home/byrne/halo/nicks_spatial/inputs/BoundryAnnotationFiles/Untreated_boundaryCoordinates/Untreated_Spot12.annotations. Adding boundaries..
[INFO]	Tue Feb 13 12:12:57 2018	Getting data for spot 13...
[INFO]	Tue Feb 13 12:12:59 2018	  plotting...
[INFO]	Tue Feb 13 12:12:59 2018	  Found boundary annotation file /home/byrne/halo/nicks_spatial/inputs/BoundryAnnotationFiles/Untreated_boundaryCoordinates/Untreated_Spot13.annotations. Adding boundaries..
[INFO]	Tue Feb 13 12:13:14 2018	Getting data for spot 14...
[INFO]	Tue Feb 13 12:13:15 2018	  plotting...
[INFO]	Tue Feb 13 12:13:15 2018	  Found boundary annotation file /home/byrne/halo/nicks_spatial/inputs/BoundryAnnotationFiles/Untreated_boundaryCoordinates/Untreated_Spot14.annotations. Adding boundaries..
[INFO]	Tue Feb 13 12:13:30 2018	Getting data for spot 15...
[INFO]	Tue Feb 13 12:13:32 2018	  plotting...
[INFO]	Tue Feb 13 12:13:32 2018	Getting data for spot 16...
[INFO]	Tue Feb 13 12:13:34 2018	  plotting...
[INFO]	Tue Feb 13 12:13:35 2018	Getting data for spot 17...
[INFO]	Tue Feb 13 12:13:40 2018	  plotting...
[INFO]	Tue Feb 13 12:13:40 2018	Getting data for spot 18...
[INFO]	Tue Feb 13 12:13:42 2018	  plotting...
[INFO]	Tue Feb 13 12:13:42 2018	Getting data for spot 19...
[INFO]	Tue Feb 13 12:13:46 2018	  plotting...
[INFO]	Tue Feb 13 12:13:46 2018	Getting data for spot 20...
[INFO]	Tue Feb 13 12:13:48 2018	  plotting...
[INFO]	Tue Feb 13 12:13:48 2018	Getting data for spot 21...
[INFO]	Tue Feb 13 12:13:50 2018	  plotting...
[INFO]	Tue Feb 13 12:13:50 2018	Getting data for spot 22...
[INFO]	Tue Feb 13 12:13:54 2018	  plotting...
[INFO]	Tue Feb 13 12:13:54 2018	Getting data for spot 23...
[INFO]	Tue Feb 13 12:13:56 2018	  plotting...
[INFO]	Tue Feb 13 12:13:56 2018	Getting data for spot 24...
[INFO]	Tue Feb 13 12:14:01 2018	  plotting...
[INFO]	Tue Feb 13 12:14:01 2018	Getting data for spot 25...
[INFO]	Tue Feb 13 12:14:03 2018	  plotting...
