Sun Jan 21 11:05:22 2018

Generating pie charts with params:

markers  =  /home/byrne/halo/data/melanoma/allMarkers/markers/melanoma_all_markers.txt
data_dir  =  /home/byrne/halo/data/melanoma/allMarkers/rda
cancer  =  
sample  =  
pad  =  30
fov  =  
log  =  test_pie_random_colors_20180121.log
verbose  =  TRUE
run_counts  =  FALSE
run_frac_total  =  FALSE
run_medians  =  FALSE
pie_charts  =  TRUE
counts_rda_file  =  /home/byrne/halo/data/melanoma/allMarkers/ALL_MARKER_COMBINATIONS.rda
cell_type_markers  =  CD3,CD4,CD8,FOXP3,CD20,CD56,CD68,CD163,CD14,MRC1,TGM2,SOX10
exclude_sample_fov  =  Untreated:2,PR:2+6+7+8+9+10+15+25+31+32+33+34,CR:11+23+24+25+26
pdf_pie_charts_by_sample  =  test_pie_20180121.pdf
other_threshold  =  0.02
custom_colors  =  FALSE

#######################################################################

